TN:
SF:connection.js
FNF:0
FNH:0
DA:1,5
DA:3,5
DA:13,5
LF:3
LH:3
BRF:0
BRH:0
end_of_record
TN:
SF:routes\ProfileManagement.js
FN:7,(anonymous_0)
FN:60,(anonymous_1)
FN:71,(anonymous_2)
FN:73,(anonymous_3)
FNF:4
FNH:4
FNDA:7,(anonymous_0)
FNDA:3,(anonymous_1)
FNDA:2,(anonymous_2)
FNDA:2,(anonymous_3)
DA:1,1
DA:2,1
DA:3,1
DA:4,1
DA:5,1
DA:7,1
DA:8,7
DA:9,7
DA:10,7
DA:11,7
DA:12,7
DA:14,7
DA:15,1
DA:16,1
DA:19,7
DA:20,1
DA:21,1
DA:24,7
DA:25,1
DA:26,1
DA:29,7
DA:30,1
DA:31,1
DA:34,7
DA:35,2
DA:36,2
DA:39,7
DA:40,1
DA:41,1
DA:44,7
DA:45,4
DA:47,3
DA:51,7
DA:52,7
DA:53,3
DA:54,3
DA:57,3
DA:58,3
DA:60,3
DA:61,3
DA:62,3
DA:65,4
DA:66,4
DA:68,7
DA:71,1
DA:72,2
DA:73,2
DA:74,2
DA:75,1
DA:76,1
DA:77,1
DA:80,1
DA:81,1
DA:88,1
LF:54
LH:54
BRDA:14,0,0,1
BRDA:14,0,1,6
BRDA:14,1,0,7
BRDA:14,1,1,7
BRDA:19,2,0,1
BRDA:19,2,1,6
BRDA:19,3,0,7
BRDA:19,3,1,7
BRDA:24,4,0,1
BRDA:24,4,1,6
BRDA:24,5,0,7
BRDA:24,5,1,7
BRDA:29,6,0,1
BRDA:29,6,1,6
BRDA:34,7,0,2
BRDA:34,7,1,5
BRDA:34,8,0,7
BRDA:34,8,1,7
BRDA:39,9,0,1
BRDA:39,9,1,6
BRDA:44,10,0,4
BRDA:44,10,1,3
BRDA:44,11,0,7
BRDA:44,11,1,5
BRDA:52,12,0,3
BRDA:52,12,1,4
BRDA:52,13,0,7
BRDA:52,13,1,6
BRDA:61,14,0,0
BRDA:61,14,1,3
BRDA:74,15,0,1
BRDA:74,15,1,1
BRF:32
BRH:31
end_of_record
TN:
SF:routes\auth.js
FN:6,(anonymous_0)
FN:16,(anonymous_1)
FN:20,(anonymous_2)
FN:35,(anonymous_3)
FNF:4
FNH:4
FNDA:4,(anonymous_0)
FNDA:3,(anonymous_1)
FNDA:3,(anonymous_2)
FNDA:1,(anonymous_3)
DA:1,1
DA:2,1
DA:3,1
DA:4,1
DA:6,1
DA:8,4
DA:12,4
DA:13,1
DA:14,1
DA:16,3
DA:17,3
DA:18,3
DA:20,3
DA:22,3
DA:24,3
DA:25,1
DA:26,1
DA:28,2
DA:29,2
DA:35,1
DA:37,1
DA:41,1
LF:22
LH:22
BRDA:12,0,0,1
BRDA:12,0,1,3
BRDA:12,1,0,4
BRDA:12,1,1,4
BRDA:17,2,0,0
BRDA:17,2,1,3
BRDA:22,3,0,0
BRDA:22,3,1,3
BRDA:24,4,0,1
BRDA:24,4,1,2
BRF:10
BRH:8
end_of_record
TN:
SF:routes\createAcct.js
FN:5,(anonymous_0)
FN:15,(anonymous_1)
FN:19,(anonymous_2)
FN:27,(anonymous_3)
FN:37,(anonymous_4)
FNF:5
FNH:5
FNDA:3,(anonymous_0)
FNDA:2,(anonymous_1)
FNDA:2,(anonymous_2)
FNDA:1,(anonymous_3)
FNDA:1,(anonymous_4)
DA:1,1
DA:2,1
DA:3,1
DA:5,1
DA:7,3
DA:11,3
DA:12,1
DA:13,1
DA:15,2
DA:16,2
DA:17,2
DA:19,2
DA:21,2
DA:23,2
DA:24,1
DA:25,1
DA:27,1
DA:28,1
DA:29,1
DA:30,1
DA:37,1
DA:39,1
DA:43,1
LF:23
LH:23
BRDA:11,0,0,1
BRDA:11,0,1,2
BRDA:11,1,0,3
BRDA:11,1,1,3
BRDA:16,2,0,0
BRDA:16,2,1,2
BRDA:21,3,0,0
BRDA:21,3,1,2
BRDA:23,4,0,1
BRDA:23,4,1,1
BRDA:28,5,0,0
BRDA:28,5,1,1
BRF:12
BRH:9
end_of_record
TN:
SF:routes\fuelQuoteHistory.js
FN:5,getFuelQuoteHistory
FN:7,(anonymous_1)
FNF:2
FNH:2
FNDA:2,getFuelQuoteHistory
FNDA:2,(anonymous_1)
DA:1,1
DA:2,1
DA:3,1
DA:6,2
DA:7,2
DA:9,2
DA:11,1
DA:13,2
DA:14,1
DA:19,1
DA:22,1
LF:11
LH:11
BRDA:9,0,0,1
BRDA:9,0,1,1
BRF:2
BRH:2
end_of_record
TN:
SF:routes\fuelQuotes.js
FN:9,(anonymous_0)
FN:23,(anonymous_1)
FN:34,(anonymous_2)
FNF:3
FNH:3
FNDA:1,(anonymous_0)
FNDA:1,(anonymous_1)
FNDA:1,(anonymous_2)
DA:1,1
DA:2,1
DA:3,1
DA:4,1
DA:9,1
DA:10,1
DA:11,1
DA:12,1
DA:13,1
DA:14,1
DA:18,1
DA:19,0
DA:20,0
DA:21,0
DA:23,1
DA:24,1
DA:25,1
DA:26,1
DA:34,1
DA:36,1
DA:39,1
LF:21
LH:18
BRDA:18,0,0,0
BRDA:18,0,1,1
BRDA:18,1,0,1
BRDA:18,1,1,1
BRDA:18,1,2,1
BRDA:18,1,3,1
BRDA:18,1,4,1
BRDA:24,2,0,0
BRDA:24,2,1,1
BRF:9
BRH:7
end_of_record
